2018-08-09 17:02:19.278 [main] DEBUG com.imooc.o2o.dao.ShopDao.insertShop - ==>  Preparing: INSERT INTO tb_shop(owner_id, area_id, shop_category_id, shop_name, shop_desc, shop_addr, phone, shop_img, priority, create_time, last_edit_time, enable_status, advice) VALUES (?, ?, ?, ?, ?, ?, ?, ?, ?, ?, ?, ?, ?) 
2018-08-09 17:02:19.310 [main] DEBUG com.imooc.o2o.dao.ShopDao.insertShop - ==> Parameters: 1(Long), 2(Integer), 1(Long), 测试的店铺(String), test(String), test(String), test(String), test(String), null, 2018-08-09 17:02:17.651(Timestamp), null, 1(Integer), 审核中(String)
2018-08-09 17:02:19.355 [main] DEBUG com.imooc.o2o.dao.ShopDao.insertShop - <==    Updates: 1
2018-08-09 17:08:21.699 [main] DEBUG com.imooc.o2o.dao.ShopDao.insertShop - ==>  Preparing: INSERT INTO tb_shop(owner_id, area_id, shop_category_id, shop_name, shop_desc, shop_addr, phone, shop_img, priority, create_time, last_edit_time, enable_status, advice) VALUES (?, ?, ?, ?, ?, ?, ?, ?, ?, ?, ?, ?, ?) 
2018-08-09 17:08:21.731 [main] DEBUG com.imooc.o2o.dao.ShopDao.insertShop - ==> Parameters: 1(Long), 2(Integer), 1(Long), 测试的店铺(String), test(String), test(String), test(String), test(String), null, 2018-08-09 17:08:21.13(Timestamp), null, 1(Integer), 审核中(String)
2018-08-09 17:08:21.774 [main] DEBUG com.imooc.o2o.dao.ShopDao.insertShop - <==    Updates: 1
2018-08-09 17:11:41.289 [main] DEBUG com.imooc.o2o.dao.ShopDao.insertShop - ==>  Preparing: INSERT INTO tb_shop(owner_id, area_id, shop_category_id, shop_name, shop_desc, shop_addr, phone, shop_img, priority, create_time, last_edit_time, enable_status, advice) VALUES (?, ?, ?, ?, ?, ?, ?, ?, ?, ?, ?, ?, ?) 
2018-08-09 17:11:41.322 [main] DEBUG com.imooc.o2o.dao.ShopDao.insertShop - ==> Parameters: 1(Long), 2(Integer), 1(Long), 测试的店铺(String), test(String), test(String), test(String), test(String), null, 2018-08-09 17:11:40.732(Timestamp), null, 1(Integer), 审核中(String)
2018-08-09 17:11:41.368 [main] DEBUG com.imooc.o2o.dao.ShopDao.insertShop - <==    Updates: 1
2018-08-09 17:27:23.118 [main] DEBUG com.imooc.o2o.dao.ShopDao.updateShop - ==>  Preparing: update tb_shop SET shop_desc = ?, shop_addr = ? where shop_id = ? 
2018-08-09 17:27:23.146 [main] DEBUG com.imooc.o2o.dao.ShopDao.updateShop - ==> Parameters: 测试描述(String), 测试地址(String), 1(Long)
2018-08-09 17:27:23.191 [main] DEBUG com.imooc.o2o.dao.ShopDao.updateShop - <==    Updates: 1
2018-08-09 17:28:02.246 [main] DEBUG com.imooc.o2o.dao.ShopDao.updateShop - ==>  Preparing: update tb_shop SET shop_desc = ?, shop_addr = ?, last_edit_time = ? where shop_id = ? 
2018-08-09 17:28:02.275 [main] DEBUG com.imooc.o2o.dao.ShopDao.updateShop - ==> Parameters: 测试描述(String), 测试地址(String), 2018-08-09 17:28:01.65(Timestamp), 1(Long)
2018-08-09 17:28:02.321 [main] DEBUG com.imooc.o2o.dao.ShopDao.updateShop - <==    Updates: 1
2018-08-09 17:28:32.924 [main] DEBUG com.imooc.o2o.dao.ShopDao.updateShop - ==>  Preparing: update tb_shop SET shop_desc = ?, shop_addr = ?, last_edit_time = ? where shop_id = ? 
2018-08-09 17:28:32.951 [main] DEBUG com.imooc.o2o.dao.ShopDao.updateShop - ==> Parameters: 测试描述(String), 测试地址(String), 2018-08-09 17:28:32.325(Timestamp), 1(Long)
2018-08-09 17:28:32.996 [main] DEBUG com.imooc.o2o.dao.ShopDao.updateShop - <==    Updates: 1
2018-08-09 17:29:12.144 [main] DEBUG com.imooc.o2o.dao.ShopDao.updateShop - ==>  Preparing: update tb_shop SET shop_desc = ?, shop_addr = ?, last_edit_time = ? where shop_id = ? 
2018-08-09 17:29:12.171 [main] DEBUG com.imooc.o2o.dao.ShopDao.updateShop - ==> Parameters: 测试描述(String), 测试地址(String), 2018-08-09 17:29:11.541(Timestamp), 1(Long)
2018-08-09 17:29:12.215 [main] DEBUG com.imooc.o2o.dao.ShopDao.updateShop - <==    Updates: 1
